<?xml version="1.0" encoding="UTF-8"?>
<TestRun id="792f2707-7cf4-421f-bddc-eb4707b26eec" name="Administrator@ENFO19937 2011-11-06 22:38:18" runUser="ENFO19937\Administrator" xmlns="http://microsoft.com/schemas/VisualStudio/TeamTest/2010">
  <TestSettings name="Local" id="9b2db28a-170d-4480-a095-c649cb5b531c">
    <Description>These are default test settings for a local test run.</Description>
    <Deployment enabled="false" runDeploymentRoot="Administrator_ENFO19937 2011-11-06 22_38_18">
      <DeploymentItem filename="C:\BTS2010CertGuide\Chapter03\Example02-UnitTesting\Chapter03-Example02\Chapter03-Example02.Schemas\bin\Debug\Chapter03-Example02.Schemas.dll" />
      <DeploymentItem filename="C:\BTS2010CertGuide\Chapter03\Example02-UnitTesting\Chapter03-Example02\Chapter03-Example02.Maps\bin\Debug\Chapter03-Example02.Maps.dll" />
    </Deployment>
    <Execution>
      <TestTypeSpecific />
      <AgentRule name="Execution Agents">
      </AgentRule>
    </Execution>
  </TestSettings>
  <Times creation="2011-11-06T22:38:18.8697434+01:00" queuing="2011-11-06T22:38:19.2997440+01:00" start="2011-11-06T22:38:19.3397441+01:00" finish="2011-11-06T22:38:19.8397448+01:00" />
  <ResultSummary outcome="Completed">
    <Counters total="1" executed="1" passed="1" error="0" failed="0" timeout="0" aborted="0" inconclusive="0" passedButRunAborted="0" notRunnable="0" notExecuted="0" disconnected="0" warning="0" completed="0" inProgress="0" pending="0" />
  </ResultSummary>
  <TestDefinitions>
    <UnitTest name="SimplifiedCarConstructorTest" storage="c:\bts2010certguide\chapter03\example02-unittesting\chapter03-example02\testproject1\bin\debug\testproject1.dll" id="39e806c9-1873-3cb6-608f-2ead8ba7d850">
      <Execution id="d9925a62-6f59-4ffa-8c79-2a3d22df18e3" />
      <TestMethod codeBase="C:/BTS2010CertGuide/Chapter03/Example02-UnitTesting/Chapter03-Example02/TestProject1/bin/Debug/TestProject1.DLL" adapterTypeName="Microsoft.VisualStudio.TestTools.TestTypes.Unit.UnitTestAdapter, Microsoft.VisualStudio.QualityTools.Tips.UnitTest.Adapter, Version=10.0.0.0, Culture=neutral, PublicKeyToken=b03f5f7f11d50a3a" className="TestProject1.SimplifiedCarTest, TestProject1, Version=1.0.0.0, Culture=neutral, PublicKeyToken=null" name="SimplifiedCarConstructorTest" />
    </UnitTest>
  </TestDefinitions>
  <TestLists>
    <TestList name="Results Not in a List" id="8c84fa94-04c1-424b-9868-57a2d4851a1d" />
    <TestList name="All Loaded Results" id="19431567-8539-422a-85d7-44ee4e166bda" />
  </TestLists>
  <TestEntries>
    <TestEntry testId="39e806c9-1873-3cb6-608f-2ead8ba7d850" executionId="d9925a62-6f59-4ffa-8c79-2a3d22df18e3" testListId="8c84fa94-04c1-424b-9868-57a2d4851a1d" />
  </TestEntries>
  <Results>
    <UnitTestResult executionId="d9925a62-6f59-4ffa-8c79-2a3d22df18e3" testId="39e806c9-1873-3cb6-608f-2ead8ba7d850" testName="SimplifiedCarConstructorTest" computerName="ENFO19937" duration="00:00:00.1829804" startTime="2011-11-06T22:38:19.3497441+01:00" endTime="2011-11-06T22:38:19.8097447+01:00" testType="13cdc9d9-ddb5-4fa4-a97d-d965ccfc6d4b" outcome="Passed" testListId="8c84fa94-04c1-424b-9868-57a2d4851a1d" relativeResultsDirectory="d9925a62-6f59-4ffa-8c79-2a3d22df18e3">
    </UnitTestResult>
  </Results>
</TestRun>